{"meta": {"version": "5.3", "timestamp": "2020-11-18T00:02:37.568207", "branch_coverage": false, "show_contexts": false}, "files": {"src\\sample\\Hamming.py": {"executed_lines": [1, 2, 3, 5, 6, 7, 8, 9], "summary": {"covered_lines": 8, "num_statements": 9, "percent_covered": 88.88888888888889, "missing_lines": 1, "excluded_lines": 0}, "missing_lines": [4], "excluded_lines": []}, "src\\sample\\__init__.py": {"executed_lines": [1], "summary": {"covered_lines": 1, "num_statements": 2, "percent_covered": 50.0, "missing_lines": 1, "excluded_lines": 0}, "missing_lines": [3], "excluded_lines": []}, "src\\sample\\simple.py": {"executed_lines": [1, 2], "summary": {"covered_lines": 2, "num_statements": 2, "percent_covered": 100.0, "missing_lines": 0, "excluded_lines": 0}, "missing_lines": [], "excluded_lines": []}}, "totals": {"covered_lines": 11, "num_statements": 13, "percent_covered": 84.61538461538461, "missing_lines": 2, "excluded_lines": 0}}